<?xml version="1.0" encoding="UTF-8"?>
<!-- Generated by org.testng.reporters.JUnitReportReporter -->
<testsuite hostname="DellG155520" failures="0" tests="3" name="testNg.AnnotationAttributes" time="20.173" errors="0" timestamp="2026-04-28T09:13:44 IST" skipped="0">
  <testcase classname="testNg.AnnotationAttributes" name="login" time="7.108">
    <system-out>
      <![CDATA[Login Page is Displayed]]>
    </system-out>
  </testcase> <!-- login -->
  <testcase classname="testNg.AnnotationAttributes" name="launch" time="5.888">
    <system-out>
      <![CDATA[Welcome Page is Displayed]]>
    </system-out>
  </testcase> <!-- launch -->
  <testcase classname="testNg.AnnotationAttributes" name="register" time="7.177">
    <system-out>
      <![CDATA[Register Page is Displayed]]>
    </system-out>
  </testcase> <!-- register -->
  <system-out>
    <![CDATA[Welcome Page is Displayed
Red Bull F1 page is launched
Register Page is displayed,true
Register Page is displayed,true
Register Page is displayed,true
Register Page is displayed,true
Welcome Page is displayed
Register Page is Displayed
Register Page is displayed,true
Register Page is displayed,true
Register Page is displayed,true
Login Page is displayed
Ferrari F1 page is launched
Mercedes- F1 page is launched
Register Page is displayed,true
Login Page is displayed
Login Page is Displayed
Login Page is displayed
Login Page is displayed
Login Page is displayed
Login Page is displayed
Login Page is displayed
Login Page is displayed
Login Page is displayed
Login Page is displayed]]>
  </system-out>
</testsuite> <!-- testNg.AnnotationAttributes -->
