<?xml version="1.0" encoding="UTF-8"?>
<!-- Generated by org.testng.reporters.JUnitReportReporter -->
<testsuite hostname="DellG155520" failures="0" tests="1" name="testNg.ConfigurationAnnotations" time="0.011" errors="0" timestamp="2026-04-28T11:38:19 IST" skipped="0">
  <testcase classname="testNg.ConfigurationAnnotations" name="launch" time="0.011">
    <system-out>
      <![CDATA[Test Is Executed]]>
    </system-out>
  </testcase> <!-- launch -->
  <system-out>
    <![CDATA[Before Suit is Executed
Before test is Executed
Before Class is Executed
Before Methods is executed
Test Is Executed
After Methods is Executed
After Class is Executed
After Suit is Executed
After Suite is Executed]]>
  </system-out>
</testsuite> <!-- testNg.ConfigurationAnnotations -->
