<?xml version="1.0" encoding="UTF-8"?>
<!-- Generated by org.testng.reporters.JUnitReportReporter -->
<testsuite hostname="DellG155520" failures="0" tests="1" name="testNg.Shoes" time="5.403" errors="0" timestamp="2026-04-28T22:14:11 IST" skipped="0">
  <testcase classname="testNg.Shoes" name="shoes" time="5.403">
    <system-out>
      <![CDATA[Successfully displayed shoes and Apparel]]>
    </system-out>
  </testcase> <!-- shoes -->
  <system-out>
    <![CDATA[Successfully displayed shoes and Apparel]]>
  </system-out>
</testsuite> <!-- testNg.Shoes -->
