<?xml version="1.0" encoding="UTF-8"?>
<!-- Generated by org.testng.reporters.JUnitReportReporter -->
<testsuite hostname="DellG155520" failures="0" tests="1" name="testNg.ToLearnHardAssert" time="5.972" errors="0" timestamp="2026-04-29T09:38:00 IST" skipped="0">
  <testcase classname="testNg.ToLearnHardAssert" name="login" time="5.972">
    <system-out>
      <![CDATA[Homepage]]>
    </system-out>
  </testcase> <!-- login -->
  <system-out>
    <![CDATA[Homepage]]>
  </system-out>
</testsuite> <!-- testNg.ToLearnHardAssert -->
