<?xml version="1.0" encoding="UTF-8"?>
<!-- Generated by org.testng.reporters.JUnitReportReporter -->
<testsuite hostname="DellG155520" failures="0" tests="1" name="testNg.Redbull" time="5.005" errors="0" timestamp="2026-04-28T11:05:05 IST" skipped="0">
  <testcase classname="testNg.Redbull" name="launch" time="5.005">
    <system-out>
      <![CDATA[Red Bull F1 page is launched]]>
    </system-out>
  </testcase> <!-- launch -->
  <system-out>
    <![CDATA[Red Bull F1 page is launched
Ferrari F1 page is launched]]>
  </system-out>
</testsuite> <!-- testNg.Redbull -->
