<?xml version="1.0" encoding="UTF-8"?>
<!-- Generated by org.testng.reporters.JUnitReportReporter -->
<testsuite hostname="DellG155520" failures="0" tests="1" name="testNg.Demo" time="2.037" errors="0" timestamp="2026-04-28T09:34:32 IST" skipped="0">
  <testcase classname="testNg.Demo" name="launch" time="2.037">
    <system-out>
      <![CDATA[Welcome Page is displayed]]>
    </system-out>
  </testcase> <!-- launch -->
  <system-out>
    <![CDATA[Welcome Page is displayed
Red Bull F1 page is launched
Mercedes- F1 page is launched
Ferrari F1 page is launched]]>
  </system-out>
</testsuite> <!-- testNg.Demo -->
