<?xml version="1.0" encoding="UTF-8"?>
<!-- Generated by org.testng.reporters.JUnitReportReporter -->
<testsuite hostname="DellG155520" failures="0" tests="1" name="testNg.ToClickOnBooks" time="4.006" errors="0" timestamp="2026-04-28T22:05:35 IST" skipped="0">
  <testcase classname="testNg.ToClickOnBooks" name="clickbooks" time="4.006">
    <system-out>
      <![CDATA[Books is clicked]]>
    </system-out>
  </testcase> <!-- clickbooks -->
  <system-out>
    <![CDATA[Books is clicked]]>
  </system-out>
</testsuite> <!-- testNg.ToClickOnBooks -->
