<?xml version="1.0" encoding="UTF-8"?>
<!-- Generated by org.testng.reporters.JUnitXMLReporter -->
<testsuite ignored="2" hostname="DellG155520" failures="0" tests="2" name="Test" time="7.13" errors="0" timestamp="2026-04-28T11:05:05 IST">
  <testcase classname="testNg.Redbull" name="launch" time="5.005"/>
  <testcase classname="testNg.Ferrari" name="launch" time="2.071"/>
  <testcase classname="testNg.Mercedes" name="launch" time="0.0">
    <ignored/>
  </testcase> <!-- launch -->
  <testcase classname="testNg.Demo" name="launch" time="0.0">
    <ignored/>
  </testcase> <!-- launch -->
</testsuite> <!-- Test -->
