<?xml version="1.0" encoding="UTF-8"?>
<testng-results ignored="0" total="1" passed="1" failed="0" skipped="0">
  <reporter-output>
  </reporter-output>
  <suite started-at="2026-04-29T09:58:56 IST" name="Default suite" finished-at="2026-04-29T09:59:02 IST" duration-ms="5349">
    <groups>
    </groups>
    <test started-at="2026-04-29T09:58:56 IST" name="Default test" finished-at="2026-04-29T09:59:02 IST" duration-ms="5349">
      <class name="testNg.ToLearSoftAssert">
        <test-method signature="login()[pri:0, instance:testNg.ToLearSoftAssert@7722c3c3]" started-at="2026-04-29T09:58:56 IST" name="login" finished-at="2026-04-29T09:59:02 IST" duration-ms="5325" status="PASS">
          <reporter-output>
          </reporter-output>
        </test-method> <!-- login -->
      </class> <!-- testNg.ToLearSoftAssert -->
    </test> <!-- Default test -->
  </suite> <!-- Default suite -->
</testng-results>
